Copyright 1986-2020 Xilinx, Inc. All Rights Reserved.
-----------------------------------------------------------------------------------------------------------------------------
| Tool Version : Vivado v.2020.2 (lin64) Build 3064766 Wed Nov 18 09:12:47 MST 2020
| Date         : Tue Jan 18 23:24:23 2022
| Host         : michal-Lenovo-ideapad-700-17ISK running 64-bit Ubuntu 20.04.3 LTS
| Command      : report_utilization -file design_1_wrapper_utilization_placed.rpt -pb design_1_wrapper_utilization_placed.pb
| Design       : design_1_wrapper
| Device       : xczu3egsbva484-1
| Design State : Fully Placed
-----------------------------------------------------------------------------------------------------------------------------

Utilization Design Information

Table of Contents
-----------------
1. CLB Logic
1.1 Summary of Registers by Type
2. CLB Logic Distribution
3. BLOCKRAM
4. ARITHMETIC
5. I/O
6. CLOCK
7. ADVANCED
8. CONFIGURATION
9. Primitives
10. Black Boxes
11. Instantiated Netlists

1. CLB Logic
------------

+----------------------------+-------+-------+-----------+-------+
|          Site Type         |  Used | Fixed | Available | Util% |
+----------------------------+-------+-------+-----------+-------+
| CLB LUTs                   |  6823 |     0 |     70560 |  9.67 |
|   LUT as Logic             |  5312 |     0 |     70560 |  7.53 |
|   LUT as Memory            |  1511 |     0 |     28800 |  5.25 |
|     LUT as Distributed RAM |   754 |     0 |           |       |
|     LUT as Shift Register  |   757 |     0 |           |       |
| CLB Registers              | 13742 |     0 |    141120 |  9.74 |
|   Register as Flip Flop    | 13742 |     0 |    141120 |  9.74 |
|   Register as Latch        |     0 |     0 |    141120 |  0.00 |
| CARRY8                     |   159 |     0 |      8820 |  1.80 |
| F7 Muxes                   |    97 |     0 |     35280 |  0.27 |
| F8 Muxes                   |    45 |     0 |     17640 |  0.26 |
| F9 Muxes                   |     0 |     0 |      8820 |  0.00 |
+----------------------------+-------+-------+-----------+-------+


1.1 Summary of Registers by Type
--------------------------------

+-------+--------------+-------------+--------------+
| Total | Clock Enable | Synchronous | Asynchronous |
+-------+--------------+-------------+--------------+
| 0     |            _ |           - |            - |
| 0     |            _ |           - |          Set |
| 0     |            _ |           - |        Reset |
| 0     |            _ |         Set |            - |
| 0     |            _ |       Reset |            - |
| 0     |          Yes |           - |            - |
| 33    |          Yes |           - |          Set |
| 114   |          Yes |           - |        Reset |
| 603   |          Yes |         Set |            - |
| 12992 |          Yes |       Reset |            - |
+-------+--------------+-------------+--------------+


2. CLB Logic Distribution
-------------------------

+--------------------------------------------+-------+-------+-----------+-------+
|                  Site Type                 |  Used | Fixed | Available | Util% |
+--------------------------------------------+-------+-------+-----------+-------+
| CLB                                        |  1816 |     0 |      8820 | 20.59 |
|   CLBL                                     |  1050 |     0 |           |       |
|   CLBM                                     |   766 |     0 |           |       |
| LUT as Logic                               |  5312 |     0 |     70560 |  7.53 |
|   using O5 output only                     |   286 |       |           |       |
|   using O6 output only                     |  2965 |       |           |       |
|   using O5 and O6                          |  2061 |       |           |       |
| LUT as Memory                              |  1511 |     0 |     28800 |  5.25 |
|   LUT as Distributed RAM                   |   754 |     0 |           |       |
|     using O5 output only                   |     0 |       |           |       |
|     using O6 output only                   |     2 |       |           |       |
|     using O5 and O6                        |   752 |       |           |       |
|   LUT as Shift Register                    |   757 |     0 |           |       |
|     using O5 output only                   |     0 |       |           |       |
|     using O6 output only                   |   263 |       |           |       |
|     using O5 and O6                        |   494 |       |           |       |
| CLB Registers                              | 13742 |     0 |    141120 |  9.74 |
|   Register driven from within the CLB      |  6293 |       |           |       |
|   Register driven from outside the CLB     |  7449 |       |           |       |
|     LUT in front of the register is unused |  6432 |       |           |       |
|     LUT in front of the register is used   |  1017 |       |           |       |
| Unique Control Sets                        |   525 |       |     17640 |  2.98 |
+--------------------------------------------+-------+-------+-----------+-------+
* * Note: Available Control Sets calculated as Slices * 2, Review the Control Sets Report for more information regarding control sets.


3. BLOCKRAM
-----------

+-------------------+------+-------+-----------+-------+
|     Site Type     | Used | Fixed | Available | Util% |
+-------------------+------+-------+-----------+-------+
| Block RAM Tile    |   38 |     0 |       216 | 17.59 |
|   RAMB36/FIFO*    |   37 |     0 |       216 | 17.13 |
|     RAMB36E2 only |   37 |       |           |       |
|   RAMB18          |    2 |     0 |       432 |  0.46 |
|     RAMB18E2 only |    2 |       |           |       |
+-------------------+------+-------+-----------+-------+
* Note: Each Block RAM Tile only has one FIFO logic available and therefore can accommodate only one FIFO36E2 or one FIFO18E2. However, if a FIFO18E2 occupies a Block RAM Tile, that tile can still accommodate a RAMB18E2


4. ARITHMETIC
-------------

+----------------+------+-------+-----------+-------+
|    Site Type   | Used | Fixed | Available | Util% |
+----------------+------+-------+-----------+-------+
| DSPs           |   34 |     0 |       360 |  9.44 |
|   DSP48E2 only |   34 |       |           |       |
+----------------+------+-------+-----------+-------+


5. I/O
------

+------------------+------+-------+-----------+-------+
|     Site Type    | Used | Fixed | Available | Util% |
+------------------+------+-------+-----------+-------+
| Bonded IOB       |    0 |     0 |        82 |  0.00 |
| HPIOB_M          |    0 |     0 |        26 |  0.00 |
| HPIOB_S          |    0 |     0 |        26 |  0.00 |
| HDIOB_M          |    0 |     0 |        12 |  0.00 |
| HDIOB_S          |    0 |     0 |        12 |  0.00 |
| HPIOB_SNGL       |    0 |     0 |         6 |  0.00 |
| HPIOBDIFFINBUF   |    0 |     0 |        72 |  0.00 |
| HPIOBDIFFOUTBUF  |    0 |     0 |        72 |  0.00 |
| HDIOBDIFFINBUF   |    0 |     0 |        48 |  0.00 |
| BITSLICE_CONTROL |    0 |     0 |        24 |  0.00 |
| BITSLICE_RX_TX   |    0 |     0 |       156 |  0.00 |
| BITSLICE_TX      |    0 |     0 |        24 |  0.00 |
| RIU_OR           |    0 |     0 |        12 |  0.00 |
+------------------+------+-------+-----------+-------+


6. CLOCK
--------

+----------------------+------+-------+-----------+-------+
|       Site Type      | Used | Fixed | Available | Util% |
+----------------------+------+-------+-----------+-------+
| GLOBAL CLOCK BUFFERs |    2 |     0 |       196 |  1.02 |
|   BUFGCE             |    1 |     0 |        88 |  1.14 |
|   BUFGCE_DIV         |    0 |     0 |        12 |  0.00 |
|   BUFG_PS            |    1 |     0 |        72 |  1.39 |
|   BUFGCTRL*          |    0 |     0 |        24 |  0.00 |
| PLL                  |    0 |     0 |         6 |  0.00 |
| MMCM                 |    0 |     0 |         3 |  0.00 |
+----------------------+------+-------+-----------+-------+
* Note: Each used BUFGCTRL counts as two GLOBAL CLOCK BUFFERs. This table does not include global clocking resources, only buffer cell usage. See the Clock Utilization Report (report_clock_utilization) for detailed accounting of global clocking resource availability.


7. ADVANCED
-----------

+-----------+------+-------+-----------+--------+
| Site Type | Used | Fixed | Available |  Util% |
+-----------+------+-------+-----------+--------+
| PS8       |    1 |     0 |         1 | 100.00 |
| SYSMONE4  |    0 |     0 |         1 |   0.00 |
+-----------+------+-------+-----------+--------+


8. CONFIGURATION
----------------

+-------------+------+-------+-----------+-------+
|  Site Type  | Used | Fixed | Available | Util% |
+-------------+------+-------+-----------+-------+
| BSCANE2     |    0 |     0 |         4 |  0.00 |
| DNA_PORTE2  |    0 |     0 |         1 |  0.00 |
| EFUSE_USR   |    0 |     0 |         1 |  0.00 |
| FRAME_ECCE4 |    0 |     0 |         1 |  0.00 |
| ICAPE3      |    0 |     0 |         2 |  0.00 |
| MASTER_JTAG |    0 |     0 |         1 |  0.00 |
| STARTUPE3   |    0 |     0 |         1 |  0.00 |
+-------------+------+-------+-----------+-------+


9. Primitives
-------------

+----------+-------+---------------------+
| Ref Name |  Used | Functional Category |
+----------+-------+---------------------+
| FDRE     | 12992 |            Register |
| LUT3     |  1741 |                 CLB |
| LUT2     |  1665 |                 CLB |
| LUT6     |  1546 |                 CLB |
| RAMD32   |  1318 |                 CLB |
| SRL16E   |  1175 |                 CLB |
| LUT5     |  1128 |                 CLB |
| LUT4     |  1005 |                 CLB |
| FDSE     |   603 |            Register |
| LUT1     |   288 |                 CLB |
| RAMS32   |   188 |                 CLB |
| CARRY8   |   159 |                 CLB |
| FDCE     |   114 |            Register |
| MUXF7    |    97 |                 CLB |
| SRLC32E  |    76 |                 CLB |
| MUXF8    |    45 |                 CLB |
| RAMB36E2 |    37 |            BLOCKRAM |
| DSP48E2  |    34 |          Arithmetic |
| FDPE     |    33 |            Register |
| RAMB18E2 |     2 |            BLOCKRAM |
| PS8      |     1 |            Advanced |
| BUFG_PS  |     1 |               Clock |
| BUFGCE   |     1 |               Clock |
+----------+-------+---------------------+


10. Black Boxes
---------------

+----------+------+
| Ref Name | Used |
+----------+------+


11. Instantiated Netlists
-------------------------

+--------------------------------+------+
|            Ref Name            | Used |
+--------------------------------+------+
| design_1_zynq_ultra_ps_e_0_0   |    1 |
| design_1_util_vector_logic_0_0 |    1 |
| design_1_proc_sys_reset_0_0    |    1 |
| design_1_axi_smc_0             |    1 |
| design_1_axi_dma_0_0           |    1 |
| design_1_auto_pc_0             |    1 |
| design_1_auto_ds_0             |    1 |
| design_1_LittleNetAccAxi_0_0   |    1 |
+--------------------------------+------+


